   1               		.file	"4-1.c"
   2               	__SREG__ = 0x3f
   3               	__SP_H__ = 0x3e
   4               	__SP_L__ = 0x3d
   5               	__CCP__  = 0x34
   6               	__tmp_reg__ = 0
   7               	__zero_reg__ = 1
  15               	.Ltext0:
  16               	.global	main
  18               	main:
  19               	.LFB6:
  20               	.LM1:
  21               	/* prologue: function */
  22               	/* frame size = 0 */
  23               	.LM2:
  24 0000 8FEF      		ldi r24,lo8(-1)
  25 0002 82BB      		out 50-32,r24
  26               	.LM3:
  27 0004 81BB      		out 49-32,r24
  28               	.LM4:
  29 0006 40EC      		ldi r20,lo8(-64)
  30               	.LBB18:
  31               	.LBB19:
  32               	.LBB20:
  33               	.LBB21:
  34               	.LM5:
  35 0008 28EC      		ldi r18,lo8(200)
  36 000a 30E0      		ldi r19,hi8(200)
  37               	.L2:
  38               	.LBE21:
  39               	.LBE20:
  40               	.LBE19:
  41               	.LBE18:
  42               	.LM6:
  43 000c 42BB      		out 50-32,r20
  44               	.LBB25:
  45               	.LBB24:
  46               	.LBB23:
  47               	.LBB22:
  48               	.LM7:
  49 000e C901      		movw r24,r18
  50               	.LVL0:
  51               	/* #APP */
  52               	 ;  105 "c:/winavr-20100110/lib/gcc/../../avr/include/util/delay_basic.h" 1
  53 0010 0197      		1: sbiw r24,1
  54 0012 01F4      		brne 1b
  55               	 ;  0 "" 2
  56               	/* #NOAPP */
  57               	.LBE22:
  58               	.LBE23:
  59               	.LBE24:
  60               	.LBE25:
  61               	.LM8:
  62 0014 12BA      		out 50-32,__zero_reg__
  63               	.LBB26:
  64               	.LBB27:
  65               	.LBB28:
  66               	.LBB29:
  67               	.LM9:
  68 0016 C901      		movw r24,r18
  69               	.LVL1:
  70               	/* #APP */
  71               	 ;  105 "c:/winavr-20100110/lib/gcc/../../avr/include/util/delay_basic.h" 1
  72 0018 0197      		1: sbiw r24,1
  73 001a 01F4      		brne 1b
  74               	 ;  0 "" 2
  75               	/* #NOAPP */
  76 001c 00C0      		rjmp .L2
  77               	.LBE29:
  78               	.LBE28:
  79               	.LBE27:
  80               	.LBE26:
  81               	.LFE6:
 107               	.Letext0:
DEFINED SYMBOLS
                            *ABS*:00000000 4-1.c
C:\Users\517-34\AppData\Local\Temp/ccZ8B6iD.s:2      *ABS*:0000003f __SREG__
C:\Users\517-34\AppData\Local\Temp/ccZ8B6iD.s:3      *ABS*:0000003e __SP_H__
C:\Users\517-34\AppData\Local\Temp/ccZ8B6iD.s:4      *ABS*:0000003d __SP_L__
C:\Users\517-34\AppData\Local\Temp/ccZ8B6iD.s:5      *ABS*:00000034 __CCP__
C:\Users\517-34\AppData\Local\Temp/ccZ8B6iD.s:6      *ABS*:00000000 __tmp_reg__
C:\Users\517-34\AppData\Local\Temp/ccZ8B6iD.s:7      *ABS*:00000001 __zero_reg__
C:\Users\517-34\AppData\Local\Temp/ccZ8B6iD.s:18     .text:00000000 main

NO UNDEFINED SYMBOLS
